mode: set
github.com/minibeast/usb-agent/src/core/crypto/keys.go:15.42,17.16 2 1
github.com/minibeast/usb-agent/src/core/crypto/keys.go:17.16,19.3 1 0
github.com/minibeast/usb-agent/src/core/crypto/keys.go:21.2,24.8 1 1
github.com/minibeast/usb-agent/src/core/crypto/keys.go:30.64,40.62 4 1
github.com/minibeast/usb-agent/src/core/crypto/keys.go:40.62,42.3 1 0
github.com/minibeast/usb-agent/src/core/crypto/keys.go:45.2,45.50 1 1
github.com/minibeast/usb-agent/src/core/crypto/keys.go:45.50,48.3 2 0
github.com/minibeast/usb-agent/src/core/crypto/keys.go:50.2,50.12 1 1
github.com/minibeast/usb-agent/src/core/crypto/keys.go:55.62,57.16 2 1
github.com/minibeast/usb-agent/src/core/crypto/keys.go:57.16,59.3 1 1
github.com/minibeast/usb-agent/src/core/crypto/keys.go:62.2,63.18 2 1
github.com/minibeast/usb-agent/src/core/crypto/keys.go:63.18,65.3 1 1
github.com/minibeast/usb-agent/src/core/crypto/keys.go:67.2,67.33 1 1
github.com/minibeast/usb-agent/src/core/crypto/keys.go:67.33,69.3 1 0
github.com/minibeast/usb-agent/src/core/crypto/keys.go:72.2,72.40 1 1
github.com/minibeast/usb-agent/src/core/crypto/keys.go:72.40,74.3 1 0
github.com/minibeast/usb-agent/src/core/crypto/keys.go:76.2,76.45 1 1
github.com/minibeast/usb-agent/src/core/crypto/keys.go:81.62,91.62 4 1
github.com/minibeast/usb-agent/src/core/crypto/keys.go:91.62,93.3 1 0
github.com/minibeast/usb-agent/src/core/crypto/keys.go:95.2,95.50 1 1
github.com/minibeast/usb-agent/src/core/crypto/keys.go:95.50,98.3 2 0
github.com/minibeast/usb-agent/src/core/crypto/keys.go:100.2,100.12 1 1
github.com/minibeast/usb-agent/src/core/crypto/keys.go:105.60,107.16 2 1
github.com/minibeast/usb-agent/src/core/crypto/keys.go:107.16,109.3 1 0
github.com/minibeast/usb-agent/src/core/crypto/keys.go:112.2,113.18 2 1
github.com/minibeast/usb-agent/src/core/crypto/keys.go:113.18,115.3 1 0
github.com/minibeast/usb-agent/src/core/crypto/keys.go:117.2,117.32 1 1
github.com/minibeast/usb-agent/src/core/crypto/keys.go:117.32,119.3 1 0
github.com/minibeast/usb-agent/src/core/crypto/keys.go:122.2,122.39 1 1
github.com/minibeast/usb-agent/src/core/crypto/keys.go:122.39,124.3 1 0
github.com/minibeast/usb-agent/src/core/crypto/keys.go:126.2,126.44 1 1
github.com/minibeast/usb-agent/src/core/crypto/signer.go:17.42,19.2 1 1
github.com/minibeast/usb-agent/src/core/crypto/signer.go:27.55,28.53 1 1
github.com/minibeast/usb-agent/src/core/crypto/signer.go:28.53,30.3 1 1
github.com/minibeast/usb-agent/src/core/crypto/signer.go:33.2,38.34 3 1
github.com/minibeast/usb-agent/src/core/crypto/signer.go:43.63,45.16 2 1
github.com/minibeast/usb-agent/src/core/crypto/signer.go:45.16,47.3 1 0
github.com/minibeast/usb-agent/src/core/crypto/signer.go:49.2,49.21 1 1
github.com/minibeast/usb-agent/src/core/crypto/signer.go:57.81,58.37 1 1
github.com/minibeast/usb-agent/src/core/crypto/signer.go:58.37,60.3 1 0
github.com/minibeast/usb-agent/src/core/crypto/signer.go:63.2,66.54 2 1
github.com/minibeast/usb-agent/src/core/crypto/signer.go:71.98,73.16 2 1
github.com/minibeast/usb-agent/src/core/crypto/signer.go:73.16,75.3 1 0
github.com/minibeast/usb-agent/src/core/crypto/signer.go:77.2,77.48 1 1
github.com/minibeast/usb-agent/src/core/crypto/signer.go:82.60,83.37 1 1
github.com/minibeast/usb-agent/src/core/crypto/signer.go:83.37,85.3 1 1
github.com/minibeast/usb-agent/src/core/crypto/signer.go:88.2,89.64 2 1
github.com/minibeast/usb-agent/src/core/crypto/signer.go:89.64,91.3 1 0
github.com/minibeast/usb-agent/src/core/crypto/signer.go:93.2,93.50 1 1
github.com/minibeast/usb-agent/src/core/crypto/signer.go:93.50,96.3 2 0
github.com/minibeast/usb-agent/src/core/crypto/signer.go:98.2,98.12 1 1
github.com/minibeast/usb-agent/src/core/crypto/signer.go:103.52,105.16 2 1
github.com/minibeast/usb-agent/src/core/crypto/signer.go:105.16,107.3 1 0
github.com/minibeast/usb-agent/src/core/crypto/signer.go:109.2,109.32 1 1
github.com/minibeast/usb-agent/src/core/crypto/signer.go:109.32,111.3 1 0
github.com/minibeast/usb-agent/src/core/crypto/signer.go:113.2,113.29 1 1
