mode: set
github.com/minibeast/usb-agent/src/core/config/loader.go:13.41,16.16 2 1
github.com/minibeast/usb-agent/src/core/config/loader.go:16.16,18.3 1 1
github.com/minibeast/usb-agent/src/core/config/loader.go:21.2,22.50 2 1
github.com/minibeast/usb-agent/src/core/config/loader.go:22.50,24.3 1 1
github.com/minibeast/usb-agent/src/core/config/loader.go:27.2,27.39 1 1
github.com/minibeast/usb-agent/src/core/config/loader.go:27.39,29.3 1 1
github.com/minibeast/usb-agent/src/core/config/loader.go:31.2,31.17 1 1
github.com/minibeast/usb-agent/src/core/config/loader.go:37.41,39.16 2 1
github.com/minibeast/usb-agent/src/core/config/loader.go:39.16,42.3 1 1
github.com/minibeast/usb-agent/src/core/config/loader.go:43.2,43.12 1 1
github.com/minibeast/usb-agent/src/core/config/loader.go:49.43,51.39 1 1
github.com/minibeast/usb-agent/src/core/config/loader.go:51.39,53.3 1 1
github.com/minibeast/usb-agent/src/core/config/loader.go:56.2,57.16 2 1
github.com/minibeast/usb-agent/src/core/config/loader.go:57.16,59.3 1 0
github.com/minibeast/usb-agent/src/core/config/loader.go:62.2,63.59 2 1
github.com/minibeast/usb-agent/src/core/config/loader.go:63.59,65.3 1 0
github.com/minibeast/usb-agent/src/core/config/loader.go:68.2,68.50 1 1
github.com/minibeast/usb-agent/src/core/config/loader.go:68.50,71.3 2 0
github.com/minibeast/usb-agent/src/core/config/loader.go:73.2,73.12 1 1
github.com/minibeast/usb-agent/src/core/config/types.go:83.24,110.2 1 1
github.com/minibeast/usb-agent/src/core/config/types.go:115.35,117.38 1 1
github.com/minibeast/usb-agent/src/core/config/types.go:117.38,119.3 1 1
github.com/minibeast/usb-agent/src/core/config/types.go:120.2,120.40 1 1
github.com/minibeast/usb-agent/src/core/config/types.go:120.40,122.3 1 1
github.com/minibeast/usb-agent/src/core/config/types.go:123.2,123.40 1 1
github.com/minibeast/usb-agent/src/core/config/types.go:123.40,125.3 1 1
github.com/minibeast/usb-agent/src/core/config/types.go:128.2,128.73 1 1
github.com/minibeast/usb-agent/src/core/config/types.go:128.73,130.3 1 1
github.com/minibeast/usb-agent/src/core/config/types.go:133.2,133.51 1 1
github.com/minibeast/usb-agent/src/core/config/types.go:133.51,135.3 1 1
github.com/minibeast/usb-agent/src/core/config/types.go:136.2,136.56 1 1
github.com/minibeast/usb-agent/src/core/config/types.go:136.56,138.3 1 1
github.com/minibeast/usb-agent/src/core/config/types.go:140.2,140.12 1 1
github.com/minibeast/usb-agent/src/core/config/types.go:145.53,147.2 1 1
github.com/minibeast/usb-agent/src/core/config/types.go:151.51,153.2 1 1
github.com/minibeast/usb-agent/src/core/config/types.go:157.51,159.2 1 1
github.com/minibeast/usb-agent/src/core/config/types.go:167.42,169.2 1 1
