mode: set
github.com/minibeast/usb-agent/src/core/io/reader.go:14.26,16.2 1 1
github.com/minibeast/usb-agent/src/core/io/reader.go:20.56,22.16 2 1
github.com/minibeast/usb-agent/src/core/io/reader.go:22.16,24.3 1 1
github.com/minibeast/usb-agent/src/core/io/reader.go:25.2,25.18 1 1
github.com/minibeast/usb-agent/src/core/io/reader.go:30.61,32.16 2 1
github.com/minibeast/usb-agent/src/core/io/reader.go:32.16,34.3 1 0
github.com/minibeast/usb-agent/src/core/io/reader.go:36.2,36.48 1 1
github.com/minibeast/usb-agent/src/core/io/reader.go:36.48,38.3 1 1
github.com/minibeast/usb-agent/src/core/io/reader.go:40.2,40.12 1 1
github.com/minibeast/usb-agent/src/core/io/reader.go:45.58,47.16 2 1
github.com/minibeast/usb-agent/src/core/io/reader.go:47.16,49.3 1 1
github.com/minibeast/usb-agent/src/core/io/reader.go:50.2,50.25 1 1
github.com/minibeast/usb-agent/src/core/io/writer.go:15.26,17.2 1 1
github.com/minibeast/usb-agent/src/core/io/writer.go:27.80,30.47 2 1
github.com/minibeast/usb-agent/src/core/io/writer.go:30.47,32.3 1 0
github.com/minibeast/usb-agent/src/core/io/writer.go:35.2,37.16 3 1
github.com/minibeast/usb-agent/src/core/io/writer.go:37.16,39.3 1 0
github.com/minibeast/usb-agent/src/core/io/writer.go:42.2,42.48 1 1
github.com/minibeast/usb-agent/src/core/io/writer.go:42.48,46.3 3 0
github.com/minibeast/usb-agent/src/core/io/writer.go:49.2,49.40 1 1
github.com/minibeast/usb-agent/src/core/io/writer.go:49.40,53.3 3 0
github.com/minibeast/usb-agent/src/core/io/writer.go:56.2,56.41 1 1
github.com/minibeast/usb-agent/src/core/io/writer.go:56.41,59.3 2 0
github.com/minibeast/usb-agent/src/core/io/writer.go:62.2,62.50 1 1
github.com/minibeast/usb-agent/src/core/io/writer.go:62.50,65.3 2 0
github.com/minibeast/usb-agent/src/core/io/writer.go:68.2,68.43 1 1
github.com/minibeast/usb-agent/src/core/io/writer.go:68.43,72.3 1 0
github.com/minibeast/usb-agent/src/core/io/writer.go:74.2,74.12 1 1
github.com/minibeast/usb-agent/src/core/io/writer.go:79.64,81.2 1 1
github.com/minibeast/usb-agent/src/core/io/writer.go:85.62,87.2 1 1
github.com/minibeast/usb-agent/src/core/io/writer.go:92.39,94.16 2 1
github.com/minibeast/usb-agent/src/core/io/writer.go:94.16,96.3 1 0
github.com/minibeast/usb-agent/src/core/io/writer.go:97.2,100.19 2 1
github.com/minibeast/usb-agent/src/core/io/writer.go:105.41,107.2 1 1
github.com/minibeast/usb-agent/src/core/io/writer.go:111.35,114.2 2 1
